<?xml version="1.0" encoding="UTF-8"?>
<!-- Generated by org.testng.reporters.JUnitXMLReporter -->
<testsuite hostname="TYSS-Praveen" ignored="0" name="Surefire test" tests="3" failures="0" timestamp="2023-06-15T15:30:56 IST" time="24.639" errors="0">
  <testcase name="addToCartTest" time="11.166" classname="com.automationscripts.AddToCartTest"/>
  <testcase name="loginTest" time="6.938" classname="com.automationscripts.LoginTest"/>
  <testcase name="registerTest" time="6.503" classname="com.automationscripts.RegisterTest"/>
</testsuite> <!-- Surefire test -->
